09:23:55 **** Incremental Build of configuration Debug for project dshw5__4 ****
make all 
Building file: ../src/dshw5__4.cpp
Invoking: GCC C++ Compiler
g++ -O0 -g3 -Wall -c -fmessage-length=0 -MMD -MP -MF"src/dshw5__4.d" -MT"src/dshw5__4.d" -o "src/dshw5__4.o" "../src/dshw5__4.cpp"
Finished building: ../src/dshw5__4.cpp
 
Building target: dshw5__4
Invoking: GCC C++ Linker
g++  -o "dshw5__4"  ./src/dshw5__4.o   
Finished building target: dshw5__4
 
09:23:59 **** Incremental Build of configuration Debug for project dshw5__4 ****
make all 
make: Nothing to be done for 'all'.
09:28:02 **** Incremental Build of configuration Debug for project dshw5__4 ****
make all 
Building file: ../src/dshw5__4.cpp
Invoking: GCC C++ Compiler
g++ -O0 -g3 -Wall -c -fmessage-length=0 -MMD -MP -MF"src/dshw5__4.d" -MT"src/dshw5__4.d" -o "src/dshw5__4.o" "../src/dshw5__4.cpp"
Finished building: ../src/dshw5__4.cpp
 
Building target: dshw5__4
Invoking: GCC C++ Linker
g++  -o "dshw5__4"  ./src/dshw5__4.o   
Finished building target: dshw5__4
 
15:43:19 **** Build of configuration Debug for project dshw5__4 ****
make all 
make: Nothing to be done for 'all'.
17:44:39 **** Build of configuration Debug for project dshw5_search ****
make all 
Building file: ../src/dshw5_search.cpp
Invoking: GCC C++ Compiler
g++ -O0 -g3 -Wall -c -fmessage-length=0 -MMD -MP -MF"src/dshw5_search.d" -MT"src/dshw5_search.d" -o "src/dshw5_search.o" "../src/dshw5_search.cpp"
Finished building: ../src/dshw5_search.cpp
 
Building target: dshw5_search
Invoking: GCC C++ Linker
g++  -o "dshw5_search"  ./src/dshw5_search.o   
Finished building target: dshw5_search
 
18:38:48 **** Incremental Build of configuration Debug for project dshw5__4 ****
make all 
Building file: ../src/dshw5__4.cpp
Invoking: GCC C++ Compiler
g++ -O0 -g3 -Wall -c -fmessage-length=0 -MMD -MP -MF"src/dshw5__4.d" -MT"src/dshw5__4.d" -o "src/dshw5__4.o" "../src/dshw5__4.cpp"
Finished building: ../src/dshw5__4.cpp
 
Building target: dshw5__4
Invoking: GCC C++ Linker
g++  -o "dshw5__4"  ./src/dshw5__4.o   
Finished building target: dshw5__4
 
18:52:43 **** Incremental Build of configuration Debug for project dshw5__4 ****
make all 
Building file: ../src/dshw5__4.cpp
Invoking: GCC C++ Compiler
g++ -O0 -g3 -Wall -c -fmessage-length=0 -MMD -MP -MF"src/dshw5__4.d" -MT"src/dshw5__4.d" -o "src/dshw5__4.o" "../src/dshw5__4.cpp"
Finished building: ../src/dshw5__4.cpp
 
Building target: dshw5__4
Invoking: GCC C++ Linker
g++  -o "dshw5__4"  ./src/dshw5__4.o   
Finished building target: dshw5__4
 
19:18:11 **** Build of configuration Debug for project dshw5_10 ****
make all 
make: Nothing to be done for 'all'.
19:27:51 **** Incremental Build of configuration Debug for project dshw5_10 ****
make all 
make: Nothing to be done for 'all'.
19:28:59 **** Build of configuration Debug for project dshw5_9 ****
make all 
Building file: ../src/dshw5_9.cpp
Invoking: GCC C++ Compiler
g++ -O0 -g3 -Wall -c -fmessage-length=0 -MMD -MP -MF"src/dshw5_9.d" -MT"src/dshw5_9.d" -o "src/dshw5_9.o" "../src/dshw5_9.cpp"
Finished building: ../src/dshw5_9.cpp
 
Building target: dshw5_9
Invoking: GCC C++ Linker
g++  -o "dshw5_9"  ./src/dshw5_9.o   
Finished building target: dshw5_9
 
19:58:50 **** Incremental Build of configuration Debug for project dshw5__4 ****
make all 
Building file: ../src/dshw5__4.cpp
Invoking: GCC C++ Compiler
g++ -O0 -g3 -Wall -c -fmessage-length=0 -MMD -MP -MF"src/dshw5__4.d" -MT"src/dshw5__4.d" -o "src/dshw5__4.o" "../src/dshw5__4.cpp"
Finished building: ../src/dshw5__4.cpp
 
Building target: dshw5__4
Invoking: GCC C++ Linker
g++  -o "dshw5__4"  ./src/dshw5__4.o   
Finished building target: dshw5__4
 
20:00:57 **** Build of configuration Debug for project dshw6_sort ****
make all 
Building file: ../src/dshw6_sort.cpp
Invoking: GCC C++ Compiler
g++ -O0 -g3 -Wall -c -fmessage-length=0 -MMD -MP -MF"src/dshw6_sort.d" -MT"src/dshw6_sort.d" -o "src/dshw6_sort.o" "../src/dshw6_sort.cpp"
Finished building: ../src/dshw6_sort.cpp
 
Building target: dshw6_sort
Invoking: GCC C++ Linker
g++  -o "dshw6_sort"  ./src/dshw6_sort.o   
Finished building target: dshw6_sort
 
20:06:31 **** Incremental Build of configuration Debug for project dshw5_9 ****
make all 
make: Nothing to be done for 'all'.
